{"C:\\Users\\flore\\OneDrive\\Desktop\\Projects\\CTD\\node-homework\\app.js": {"path":"C:\\Users\\flore\\OneDrive\\Desktop\\Projects\\CTD\\node-homework\\app.js","statementMap":{"0":{"start":{"line":1,"column":16},"end":{"line":1,"column":34}},"1":{"start":{"line":2,"column":21},"end":{"line":2,"column":45}},"2":{"start":{"line":3,"column":12},"end":{"line":3,"column":21}},"3":{"start":{"line":4,"column":15},"end":{"line":4,"column":37}},"4":{"start":{"line":6,"column":19},"end":{"line":6,"column":49}},"5":{"start":{"line":7,"column":19},"end":{"line":7,"column":49}},"6":{"start":{"line":8,"column":22},"end":{"line":8,"column":59}},"7":{"start":{"line":10,"column":0},"end":{"line":10,"column":24}},"8":{"start":{"line":11,"column":0},"end":{"line":11,"column":40}},"9":{"start":{"line":13,"column":0},"end":{"line":13,"column":26}},"10":{"start":{"line":14,"column":15},"end":{"line":14,"column":32}},"11":{"start":{"line":15,"column":16},"end":{"line":15,"column":48}},"12":{"start":{"line":16,"column":20},"end":{"line":16,"column":49}},"13":{"start":{"line":18,"column":0},"end":{"line":18,"column":18}},"14":{"start":{"line":19,"column":0},"end":{"line":19,"column":15}},"15":{"start":{"line":20,"column":0},"end":{"line":23,"column":4}},"16":{"start":{"line":26,"column":0},"end":{"line":28,"column":3}},"17":{"start":{"line":27,"column":4},"end":{"line":27,"column":55}},"18":{"start":{"line":30,"column":0},"end":{"line":37,"column":3}},"19":{"start":{"line":31,"column":2},"end":{"line":36,"column":3}},"20":{"start":{"line":32,"column":4},"end":{"line":32,"column":37}},"21":{"start":{"line":33,"column":4},"end":{"line":33,"column":48}},"22":{"start":{"line":35,"column":4},"end":{"line":35,"column":87}},"23":{"start":{"line":39,"column":0},"end":{"line":41,"column":3}},"24":{"start":{"line":40,"column":4},"end":{"line":40,"column":64}},"25":{"start":{"line":44,"column":0},"end":{"line":44,"column":34}},"26":{"start":{"line":47,"column":0},"end":{"line":47,"column":49}},"27":{"start":{"line":50,"column":17},"end":{"line":50,"column":50}},"28":{"start":{"line":51,"column":0},"end":{"line":51,"column":18}},"29":{"start":{"line":54,"column":21},"end":{"line":54,"column":58}},"30":{"start":{"line":55,"column":0},"end":{"line":55,"column":22}},"31":{"start":{"line":57,"column":13},"end":{"line":57,"column":37}},"32":{"start":{"line":58,"column":15},"end":{"line":58,"column":31}},"33":{"start":{"line":61,"column":17},"end":{"line":75,"column":1}},"34":{"start":{"line":62,"column":2},"end":{"line":62,"column":41}},"35":{"start":{"line":64,"column":2},"end":{"line":69,"column":3}},"36":{"start":{"line":65,"column":4},"end":{"line":65,"column":31}},"37":{"start":{"line":66,"column":4},"end":{"line":66,"column":39}},"38":{"start":{"line":68,"column":4},"end":{"line":68,"column":50}},"39":{"start":{"line":71,"column":2},"end":{"line":74,"column":5}},"40":{"start":{"line":72,"column":4},"end":{"line":72,"column":33}},"41":{"start":{"line":73,"column":4},"end":{"line":73,"column":20}},"42":{"start":{"line":78,"column":0},"end":{"line":78,"column":31}},"43":{"start":{"line":79,"column":0},"end":{"line":79,"column":32}},"44":{"start":{"line":81,"column":0},"end":{"line":81,"column":33}}},"fnMap":{"0":{"name":"(anonymous_0)","decl":{"start":{"line":26,"column":13},"end":{"line":26,"column":14}},"loc":{"start":{"line":26,"column":27},"end":{"line":28,"column":1}},"line":26},"1":{"name":"(anonymous_1)","decl":{"start":{"line":30,"column":19},"end":{"line":30,"column":20}},"loc":{"start":{"line":30,"column":39},"end":{"line":37,"column":1}},"line":30},"2":{"name":"(anonymous_2)","decl":{"start":{"line":39,"column":22},"end":{"line":39,"column":23}},"loc":{"start":{"line":39,"column":36},"end":{"line":41,"column":1}},"line":39},"3":{"name":"(anonymous_3)","decl":{"start":{"line":61,"column":17},"end":{"line":61,"column":18}},"loc":{"start":{"line":61,"column":29},"end":{"line":75,"column":1}},"line":61},"4":{"name":"(anonymous_4)","decl":{"start":{"line":71,"column":15},"end":{"line":71,"column":16}},"loc":{"start":{"line":71,"column":21},"end":{"line":74,"column":3}},"line":71}},"branchMap":{"0":{"loc":{"start":{"line":57,"column":13},"end":{"line":57,"column":37}},"type":"binary-expr","locations":[{"start":{"line":57,"column":13},"end":{"line":57,"column":29}},{"start":{"line":57,"column":33},"end":{"line":57,"column":37}}],"line":57}},"s":{"0":1,"1":1,"2":1,"3":1,"4":1,"5":1,"6":1,"7":1,"8":1,"9":1,"10":1,"11":1,"12":1,"13":1,"14":1,"15":1,"16":1,"17":0,"18":1,"19":0,"20":0,"21":0,"22":0,"23":1,"24":0,"25":1,"26":1,"27":1,"28":1,"29":1,"30":1,"31":1,"32":1,"33":1,"34":0,"35":0,"36":0,"37":0,"38":0,"39":0,"40":0,"41":0,"42":1,"43":1,"44":1},"f":{"0":0,"1":0,"2":0,"3":0,"4":0},"b":{"0":[1,1]},"_coverageSchema":"1a1c01bbd47fc00a2c39e90264f33305004495a9","hash":"743f66600f53532bfea946908766dfa0c1943038"}
,"C:\\Users\\flore\\OneDrive\\Desktop\\Projects\\CTD\\node-homework\\controllers\\taskController.js": {"path":"C:\\Users\\flore\\OneDrive\\Desktop\\Projects\\CTD\\node-homework\\controllers\\taskController.js","statementMap":{"0":{"start":{"line":1,"column":24},"end":{"line":1,"column":52}},"1":{"start":{"line":2,"column":28},"end":{"line":2,"column":63}},"2":{"start":{"line":3,"column":23},"end":{"line":3,"column":58}},"3":{"start":{"line":4,"column":15},"end":{"line":4,"column":38}},"4":{"start":{"line":8,"column":19},"end":{"line":51,"column":1}},"5":{"start":{"line":9,"column":20},"end":{"line":9,"column":28}},"6":{"start":{"line":12,"column":2},"end":{"line":16,"column":3}},"7":{"start":{"line":13,"column":4},"end":{"line":15,"column":7}},"8":{"start":{"line":19,"column":21},"end":{"line":19,"column":23}},"9":{"start":{"line":20,"column":2},"end":{"line":34,"column":3}},"10":{"start":{"line":21,"column":29},"end":{"line":21,"column":54}},"11":{"start":{"line":22,"column":4},"end":{"line":27,"column":5}},"12":{"start":{"line":23,"column":6},"end":{"line":26,"column":9}},"13":{"start":{"line":28,"column":4},"end":{"line":33,"column":7}},"14":{"start":{"line":37,"column":2},"end":{"line":50,"column":3}},"15":{"start":{"line":38,"column":19},"end":{"line":41,"column":6}},"16":{"start":{"line":43,"column":4},"end":{"line":47,"column":7}},"17":{"start":{"line":49,"column":4},"end":{"line":49,"column":21}},"18":{"start":{"line":54,"column":15},"end":{"line":86,"column":1}},"19":{"start":{"line":55,"column":4},"end":{"line":55,"column":33}},"20":{"start":{"line":55,"column":19},"end":{"line":55,"column":33}},"21":{"start":{"line":57,"column":28},"end":{"line":59,"column":6}},"22":{"start":{"line":61,"column":4},"end":{"line":65,"column":5}},"23":{"start":{"line":62,"column":6},"end":{"line":64,"column":9}},"24":{"start":{"line":67,"column":24},"end":{"line":67,"column":83}},"25":{"start":{"line":69,"column":17},"end":{"line":82,"column":6}},"26":{"start":{"line":84,"column":4},"end":{"line":84,"column":54}},"27":{"start":{"line":89,"column":14},"end":{"line":147,"column":1}},"28":{"start":{"line":90,"column":15},"end":{"line":90,"column":44}},"29":{"start":{"line":91,"column":16},"end":{"line":91,"column":47}},"30":{"start":{"line":92,"column":15},"end":{"line":92,"column":33}},"31":{"start":{"line":94,"column":22},"end":{"line":94,"column":45}},"32":{"start":{"line":95,"column":2},"end":{"line":100,"column":1}},"33":{"start":{"line":96,"column":4},"end":{"line":99,"column":6}},"34":{"start":{"line":103,"column":16},"end":{"line":121,"column":4}},"35":{"start":{"line":123,"column":2},"end":{"line":127,"column":3}},"36":{"start":{"line":124,"column":4},"end":{"line":126,"column":7}},"37":{"start":{"line":130,"column":21},"end":{"line":132,"column":4}},"38":{"start":{"line":137,"column":21},"end":{"line":144,"column":3}},"39":{"start":{"line":146,"column":4},"end":{"line":146,"column":66}},"40":{"start":{"line":151,"column":13},"end":{"line":185,"column":1}},"41":{"start":{"line":152,"column":19},"end":{"line":152,"column":43}},"42":{"start":{"line":154,"column":4},"end":{"line":156,"column":5}},"43":{"start":{"line":155,"column":8},"end":{"line":155,"column":103}},"44":{"start":{"line":157,"column":17},"end":{"line":175,"column":6}},"45":{"start":{"line":177,"column":4},"end":{"line":181,"column":5}},"46":{"start":{"line":178,"column":6},"end":{"line":180,"column":9}},"47":{"start":{"line":183,"column":4},"end":{"line":183,"column":49}},"48":{"start":{"line":188,"column":15},"end":{"line":247,"column":1}},"49":{"start":{"line":189,"column":4},"end":{"line":189,"column":33}},"50":{"start":{"line":189,"column":19},"end":{"line":189,"column":33}},"51":{"start":{"line":191,"column":19},"end":{"line":191,"column":42}},"52":{"start":{"line":193,"column":4},"end":{"line":195,"column":5}},"53":{"start":{"line":194,"column":8},"end":{"line":194,"column":103}},"54":{"start":{"line":197,"column":29},"end":{"line":199,"column":6}},"55":{"start":{"line":201,"column":4},"end":{"line":205,"column":5}},"56":{"start":{"line":202,"column":6},"end":{"line":204,"column":9}},"57":{"start":{"line":207,"column":4},"end":{"line":246,"column":3}},"58":{"start":{"line":208,"column":26},"end":{"line":233,"column":12}},"59":{"start":{"line":235,"column":6},"end":{"line":235,"column":58}},"60":{"start":{"line":239,"column":6},"end":{"line":243,"column":7}},"61":{"start":{"line":240,"column":8},"end":{"line":242,"column":11}},"62":{"start":{"line":245,"column":6},"end":{"line":245,"column":23}},"63":{"start":{"line":250,"column":19},"end":{"line":284,"column":1}},"64":{"start":{"line":251,"column":19},"end":{"line":251,"column":42}},"65":{"start":{"line":253,"column":4},"end":{"line":255,"column":5}},"66":{"start":{"line":254,"column":6},"end":{"line":254,"column":103}},"67":{"start":{"line":256,"column":5},"end":{"line":283,"column":3}},"68":{"start":{"line":258,"column":17},"end":{"line":270,"column":6}},"69":{"start":{"line":272,"column":4},"end":{"line":272,"column":49}},"70":{"start":{"line":276,"column":4},"end":{"line":280,"column":5}},"71":{"start":{"line":277,"column":6},"end":{"line":279,"column":9}},"72":{"start":{"line":282,"column":4},"end":{"line":282,"column":21}},"73":{"start":{"line":287,"column":0},"end":{"line":294,"column":2}}},"fnMap":{"0":{"name":"(anonymous_0)","decl":{"start":{"line":8,"column":19},"end":{"line":8,"column":20}},"loc":{"start":{"line":8,"column":45},"end":{"line":51,"column":1}},"line":8},"1":{"name":"(anonymous_1)","decl":{"start":{"line":54,"column":15},"end":{"line":54,"column":16}},"loc":{"start":{"line":54,"column":41},"end":{"line":86,"column":1}},"line":54},"2":{"name":"(anonymous_2)","decl":{"start":{"line":89,"column":14},"end":{"line":89,"column":15}},"loc":{"start":{"line":89,"column":40},"end":{"line":147,"column":1}},"line":89},"3":{"name":"(anonymous_3)","decl":{"start":{"line":151,"column":13},"end":{"line":151,"column":14}},"loc":{"start":{"line":151,"column":39},"end":{"line":185,"column":1}},"line":151},"4":{"name":"(anonymous_4)","decl":{"start":{"line":188,"column":15},"end":{"line":188,"column":16}},"loc":{"start":{"line":188,"column":41},"end":{"line":247,"column":1}},"line":188},"5":{"name":"(anonymous_5)","decl":{"start":{"line":250,"column":19},"end":{"line":250,"column":20}},"loc":{"start":{"line":250,"column":45},"end":{"line":284,"column":1}},"line":250}},"branchMap":{"0":{"loc":{"start":{"line":12,"column":2},"end":{"line":16,"column":3}},"type":"if","locations":[{"start":{"line":12,"column":2},"end":{"line":16,"column":3}},{"start":{},"end":{}}],"line":12},"1":{"loc":{"start":{"line":12,"column":6},"end":{"line":12,"column":59}},"type":"binary-expr","locations":[{"start":{"line":12,"column":6},"end":{"line":12,"column":12}},{"start":{"line":12,"column":16},"end":{"line":12,"column":37}},{"start":{"line":12,"column":41},"end":{"line":12,"column":59}}],"line":12},"2":{"loc":{"start":{"line":22,"column":4},"end":{"line":27,"column":5}},"type":"if","locations":[{"start":{"line":22,"column":4},"end":{"line":27,"column":5}},{"start":{},"end":{}}],"line":22},"3":{"loc":{"start":{"line":30,"column":19},"end":{"line":30,"column":45}},"type":"binary-expr","locations":[{"start":{"line":30,"column":19},"end":{"line":30,"column":36}},{"start":{"line":30,"column":40},"end":{"line":30,"column":45}}],"line":30},"4":{"loc":{"start":{"line":31,"column":16},"end":{"line":31,"column":42}},"type":"binary-expr","locations":[{"start":{"line":31,"column":16},"end":{"line":31,"column":30}},{"start":{"line":31,"column":34},"end":{"line":31,"column":42}}],"line":31},"5":{"loc":{"start":{"line":55,"column":4},"end":{"line":55,"column":33}},"type":"if","locations":[{"start":{"line":55,"column":4},"end":{"line":55,"column":33}},{"start":{},"end":{}}],"line":55},"6":{"loc":{"start":{"line":61,"column":4},"end":{"line":65,"column":5}},"type":"if","locations":[{"start":{"line":61,"column":4},"end":{"line":65,"column":5}},{"start":{},"end":{}}],"line":61},"7":{"loc":{"start":{"line":67,"column":24},"end":{"line":67,"column":83}},"type":"cond-expr","locations":[{"start":{"line":67,"column":58},"end":{"line":67,"column":63}},{"start":{"line":67,"column":66},"end":{"line":67,"column":83}}],"line":67},"8":{"loc":{"start":{"line":90,"column":15},"end":{"line":90,"column":44}},"type":"binary-expr","locations":[{"start":{"line":90,"column":15},"end":{"line":90,"column":39}},{"start":{"line":90,"column":43},"end":{"line":90,"column":44}}],"line":90},"9":{"loc":{"start":{"line":91,"column":16},"end":{"line":91,"column":47}},"type":"binary-expr","locations":[{"start":{"line":91,"column":16},"end":{"line":91,"column":41}},{"start":{"line":91,"column":45},"end":{"line":91,"column":47}}],"line":91},"10":{"loc":{"start":{"line":95,"column":2},"end":{"line":100,"column":1}},"type":"if","locations":[{"start":{"line":95,"column":2},"end":{"line":100,"column":1}},{"start":{},"end":{}}],"line":95},"11":{"loc":{"start":{"line":123,"column":2},"end":{"line":127,"column":3}},"type":"if","locations":[{"start":{"line":123,"column":2},"end":{"line":127,"column":3}},{"start":{},"end":{}}],"line":123},"12":{"loc":{"start":{"line":154,"column":4},"end":{"line":156,"column":5}},"type":"if","locations":[{"start":{"line":154,"column":4},"end":{"line":156,"column":5}},{"start":{},"end":{}}],"line":154},"13":{"loc":{"start":{"line":177,"column":4},"end":{"line":181,"column":5}},"type":"if","locations":[{"start":{"line":177,"column":4},"end":{"line":181,"column":5}},{"start":{},"end":{}}],"line":177},"14":{"loc":{"start":{"line":189,"column":4},"end":{"line":189,"column":33}},"type":"if","locations":[{"start":{"line":189,"column":4},"end":{"line":189,"column":33}},{"start":{},"end":{}}],"line":189},"15":{"loc":{"start":{"line":193,"column":4},"end":{"line":195,"column":5}},"type":"if","locations":[{"start":{"line":193,"column":4},"end":{"line":195,"column":5}},{"start":{},"end":{}}],"line":193},"16":{"loc":{"start":{"line":201,"column":4},"end":{"line":205,"column":5}},"type":"if","locations":[{"start":{"line":201,"column":4},"end":{"line":205,"column":5}},{"start":{},"end":{}}],"line":201},"17":{"loc":{"start":{"line":239,"column":6},"end":{"line":243,"column":7}},"type":"if","locations":[{"start":{"line":239,"column":6},"end":{"line":243,"column":7}},{"start":{},"end":{}}],"line":239},"18":{"loc":{"start":{"line":253,"column":4},"end":{"line":255,"column":5}},"type":"if","locations":[{"start":{"line":253,"column":4},"end":{"line":255,"column":5}},{"start":{},"end":{}}],"line":253},"19":{"loc":{"start":{"line":276,"column":4},"end":{"line":280,"column":5}},"type":"if","locations":[{"start":{"line":276,"column":4},"end":{"line":280,"column":5}},{"start":{},"end":{}}],"line":276}},"s":{"0":2,"1":2,"2":2,"3":2,"4":2,"5":0,"6":0,"7":0,"8":0,"9":0,"10":0,"11":0,"12":0,"13":0,"14":0,"15":0,"16":0,"17":0,"18":2,"19":4,"20":0,"21":4,"22":4,"23":1,"24":3,"25":3,"26":1,"27":2,"28":4,"29":4,"30":4,"31":4,"32":3,"33":0,"34":3,"35":3,"36":1,"37":2,"38":2,"39":2,"40":2,"41":2,"42":2,"43":0,"44":2,"45":2,"46":1,"47":1,"48":2,"49":2,"50":0,"51":2,"52":2,"53":0,"54":2,"55":2,"56":0,"57":2,"58":2,"59":1,"60":1,"61":1,"62":0,"63":2,"64":2,"65":2,"66":0,"67":2,"68":2,"69":1,"70":1,"71":1,"72":0,"73":2},"f":{"0":0,"1":4,"2":4,"3":2,"4":2,"5":2},"b":{"0":[0,0],"1":[0,0,0],"2":[0,0],"3":[0,0],"4":[0,0],"5":[0,4],"6":[1,3],"7":[0,3],"8":[4,4],"9":[4,4],"10":[0,3],"11":[1,2],"12":[0,2],"13":[1,1],"14":[0,2],"15":[0,2],"16":[0,2],"17":[1,0],"18":[0,2],"19":[1,0]},"_coverageSchema":"1a1c01bbd47fc00a2c39e90264f33305004495a9","hash":"eadab6da06d3d8b8bf4c4edd7fe0f34f264bd261"}
,"C:\\Users\\flore\\OneDrive\\Desktop\\Projects\\CTD\\node-homework\\controllers\\userController.js": {"path":"C:\\Users\\flore\\OneDrive\\Desktop\\Projects\\CTD\\node-homework\\controllers\\userController.js","statementMap":{"0":{"start":{"line":1,"column":22},"end":{"line":1,"column":50}},"1":{"start":{"line":2,"column":15},"end":{"line":2,"column":38}},"2":{"start":{"line":3,"column":23},"end":{"line":3,"column":58}},"3":{"start":{"line":4,"column":23},"end":{"line":4,"column":40}},"4":{"start":{"line":5,"column":12},"end":{"line":5,"column":35}},"5":{"start":{"line":7,"column":0},"end":{"line":7,"column":22}},"6":{"start":{"line":8,"column":0},"end":{"line":8,"column":18}},"7":{"start":{"line":9,"column":0},"end":{"line":9,"column":18}},"8":{"start":{"line":11,"column":15},"end":{"line":11,"column":32}},"9":{"start":{"line":12,"column":13},"end":{"line":12,"column":28}},"10":{"start":{"line":13,"column":15},"end":{"line":13,"column":44}},"11":{"start":{"line":16,"column":15},"end":{"line":16,"column":53}},"12":{"start":{"line":17,"column":21},"end":{"line":17,"column":53}},"13":{"start":{"line":18,"column":2},"end":{"line":18,"column":49}},"14":{"start":{"line":22,"column":22},"end":{"line":22,"column":43}},"15":{"start":{"line":23,"column":20},"end":{"line":23,"column":43}},"16":{"start":{"line":24,"column":21},"end":{"line":24,"column":58}},"17":{"start":{"line":25,"column":2},"end":{"line":25,"column":55}},"18":{"start":{"line":28,"column":20},"end":{"line":34,"column":1}},"19":{"start":{"line":29,"column":2},"end":{"line":33,"column":4}},"20":{"start":{"line":36,"column":21},"end":{"line":43,"column":1}},"21":{"start":{"line":38,"column":18},"end":{"line":38,"column":58}},"22":{"start":{"line":39,"column":16},"end":{"line":39,"column":78}},"23":{"start":{"line":41,"column":2},"end":{"line":41,"column":69}},"24":{"start":{"line":42,"column":2},"end":{"line":42,"column":27}},"25":{"start":{"line":46,"column":17},"end":{"line":122,"column":1}},"26":{"start":{"line":47,"column":4},"end":{"line":47,"column":33}},"27":{"start":{"line":47,"column":19},"end":{"line":47,"column":33}},"28":{"start":{"line":48,"column":29},"end":{"line":50,"column":6}},"29":{"start":{"line":52,"column":4},"end":{"line":56,"column":5}},"30":{"start":{"line":53,"column":6},"end":{"line":55,"column":9}},"31":{"start":{"line":58,"column":4},"end":{"line":58,"column":62}},"32":{"start":{"line":59,"column":4},"end":{"line":59,"column":26}},"33":{"start":{"line":61,"column":44},"end":{"line":61,"column":49}},"34":{"start":{"line":63,"column":4},"end":{"line":121,"column":5}},"35":{"start":{"line":64,"column":23},"end":{"line":95,"column":10}},"36":{"start":{"line":66,"column":28},"end":{"line":69,"column":14}},"37":{"start":{"line":72,"column":36},"end":{"line":76,"column":13}},"38":{"start":{"line":77,"column":12},"end":{"line":77,"column":64}},"39":{"start":{"line":80,"column":33},"end":{"line":92,"column":14}},"40":{"start":{"line":83,"column":54},"end":{"line":83,"column":61}},"41":{"start":{"line":94,"column":10},"end":{"line":94,"column":49}},"42":{"start":{"line":98,"column":24},"end":{"line":98,"column":59}},"43":{"start":{"line":102,"column":6},"end":{"line":102,"column":38}},"44":{"start":{"line":105,"column":6},"end":{"line":105,"column":22}},"45":{"start":{"line":106,"column":6},"end":{"line":111,"column":9}},"46":{"start":{"line":112,"column":6},"end":{"line":112,"column":13}},"47":{"start":{"line":115,"column":8},"end":{"line":120,"column":9}},"48":{"start":{"line":117,"column":10},"end":{"line":117,"column":77}},"49":{"start":{"line":119,"column":10},"end":{"line":119,"column":27}},"50":{"start":{"line":125,"column":14},"end":{"line":162,"column":1}},"51":{"start":{"line":126,"column":2},"end":{"line":126,"column":31}},"52":{"start":{"line":126,"column":17},"end":{"line":126,"column":31}},"53":{"start":{"line":127,"column":28},"end":{"line":127,"column":36}},"54":{"start":{"line":129,"column":2},"end":{"line":129,"column":30}},"55":{"start":{"line":131,"column":2},"end":{"line":161,"column":5}},"56":{"start":{"line":132,"column":19},"end":{"line":132,"column":68}},"57":{"start":{"line":134,"column":6},"end":{"line":138,"column":7}},"58":{"start":{"line":135,"column":8},"end":{"line":137,"column":11}},"59":{"start":{"line":140,"column":20},"end":{"line":140,"column":72}},"60":{"start":{"line":142,"column":6},"end":{"line":146,"column":7}},"61":{"start":{"line":143,"column":8},"end":{"line":145,"column":11}},"62":{"start":{"line":148,"column":6},"end":{"line":148,"column":31}},"63":{"start":{"line":151,"column":24},"end":{"line":151,"column":52}},"64":{"start":{"line":153,"column":6},"end":{"line":157,"column":9}},"65":{"start":{"line":160,"column":6},"end":{"line":160,"column":21}},"66":{"start":{"line":165,"column":15},"end":{"line":169,"column":1}},"67":{"start":{"line":166,"column":4},"end":{"line":166,"column":26}},"68":{"start":{"line":167,"column":4},"end":{"line":167,"column":45}},"69":{"start":{"line":168,"column":4},"end":{"line":168,"column":70}},"70":{"start":{"line":172,"column":0},"end":{"line":176,"column":2}}},"fnMap":{"0":{"name":"hashPassword","decl":{"start":{"line":15,"column":15},"end":{"line":15,"column":27}},"loc":{"start":{"line":15,"column":38},"end":{"line":19,"column":1}},"line":15},"1":{"name":"comparePassword","decl":{"start":{"line":21,"column":15},"end":{"line":21,"column":30}},"loc":{"start":{"line":21,"column":58},"end":{"line":26,"column":1}},"line":21},"2":{"name":"(anonymous_2)","decl":{"start":{"line":28,"column":20},"end":{"line":28,"column":21}},"loc":{"start":{"line":28,"column":29},"end":{"line":34,"column":1}},"line":28},"3":{"name":"(anonymous_3)","decl":{"start":{"line":36,"column":21},"end":{"line":36,"column":22}},"loc":{"start":{"line":36,"column":41},"end":{"line":43,"column":1}},"line":36},"4":{"name":"(anonymous_4)","decl":{"start":{"line":46,"column":17},"end":{"line":46,"column":18}},"loc":{"start":{"line":46,"column":43},"end":{"line":122,"column":1}},"line":46},"5":{"name":"(anonymous_5)","decl":{"start":{"line":64,"column":49},"end":{"line":64,"column":50}},"loc":{"start":{"line":64,"column":63},"end":{"line":95,"column":9}},"line":64},"6":{"name":"(anonymous_6)","decl":{"start":{"line":83,"column":49},"end":{"line":83,"column":50}},"loc":{"start":{"line":83,"column":54},"end":{"line":83,"column":61}},"line":83},"7":{"name":"(anonymous_7)","decl":{"start":{"line":125,"column":14},"end":{"line":125,"column":15}},"loc":{"start":{"line":125,"column":40},"end":{"line":162,"column":1}},"line":125},"8":{"name":"(anonymous_8)","decl":{"start":{"line":165,"column":15},"end":{"line":165,"column":16}},"loc":{"start":{"line":165,"column":29},"end":{"line":169,"column":1}},"line":165}},"branchMap":{"0":{"loc":{"start":{"line":47,"column":4},"end":{"line":47,"column":33}},"type":"if","locations":[{"start":{"line":47,"column":4},"end":{"line":47,"column":33}},{"start":{},"end":{}}],"line":47},"1":{"loc":{"start":{"line":52,"column":4},"end":{"line":56,"column":5}},"type":"if","locations":[{"start":{"line":52,"column":4},"end":{"line":56,"column":5}},{"start":{},"end":{}}],"line":52},"2":{"loc":{"start":{"line":115,"column":8},"end":{"line":120,"column":9}},"type":"if","locations":[{"start":{"line":115,"column":8},"end":{"line":120,"column":9}},{"start":{"line":118,"column":15},"end":{"line":120,"column":9}}],"line":115},"3":{"loc":{"start":{"line":126,"column":2},"end":{"line":126,"column":31}},"type":"if","locations":[{"start":{"line":126,"column":2},"end":{"line":126,"column":31}},{"start":{},"end":{}}],"line":126},"4":{"loc":{"start":{"line":134,"column":6},"end":{"line":138,"column":7}},"type":"if","locations":[{"start":{"line":134,"column":6},"end":{"line":138,"column":7}},{"start":{},"end":{}}],"line":134},"5":{"loc":{"start":{"line":142,"column":6},"end":{"line":146,"column":7}},"type":"if","locations":[{"start":{"line":142,"column":6},"end":{"line":146,"column":7}},{"start":{},"end":{}}],"line":142}},"s":{"0":2,"1":2,"2":2,"3":2,"4":2,"5":2,"6":2,"7":2,"8":2,"9":2,"10":2,"11":2,"12":2,"13":2,"14":2,"15":2,"16":2,"17":2,"18":2,"19":6,"20":2,"21":4,"22":4,"23":4,"24":4,"25":2,"26":2,"27":0,"28":2,"29":2,"30":0,"31":2,"32":2,"33":2,"34":2,"35":2,"36":2,"37":2,"38":2,"39":2,"40":6,"41":2,"42":2,"43":2,"44":2,"45":2,"46":2,"47":0,"48":0,"49":0,"50":2,"51":2,"52":0,"53":2,"54":2,"55":2,"56":2,"57":2,"58":0,"59":2,"60":2,"61":0,"62":2,"63":2,"64":2,"65":0,"66":2,"67":2,"68":2,"69":2,"70":2},"f":{"0":2,"1":2,"2":6,"3":4,"4":2,"5":2,"6":6,"7":2,"8":2},"b":{"0":[0,2],"1":[0,2],"2":[0,0],"3":[0,2],"4":[0,2],"5":[0,2]},"_coverageSchema":"1a1c01bbd47fc00a2c39e90264f33305004495a9","hash":"a4d0873453a97c0b9fcc8fe5e467be27972de49f"}
,"C:\\Users\\flore\\OneDrive\\Desktop\\Projects\\CTD\\node-homework\\db\\prisma.js": {"path":"C:\\Users\\flore\\OneDrive\\Desktop\\Projects\\CTD\\node-homework\\db\\prisma.js","statementMap":{"0":{"start":{"line":1,"column":25},"end":{"line":1,"column":50}},"1":{"start":{"line":4,"column":0},"end":{"line":8,"column":1}},"2":{"start":{"line":5,"column":2},"end":{"line":5,"column":28}},"3":{"start":{"line":7,"column":2},"end":{"line":7,"column":12}},"4":{"start":{"line":10,"column":15},"end":{"line":10,"column":37}},"5":{"start":{"line":12,"column":0},"end":{"line":12,"column":24}}},"fnMap":{},"branchMap":{"0":{"loc":{"start":{"line":4,"column":0},"end":{"line":8,"column":1}},"type":"if","locations":[{"start":{"line":4,"column":0},"end":{"line":8,"column":1}},{"start":{"line":6,"column":7},"end":{"line":8,"column":1}}],"line":4},"1":{"loc":{"start":{"line":4,"column":4},"end":{"line":4,"column":67}},"type":"binary-expr","locations":[{"start":{"line":4,"column":4},"end":{"line":4,"column":25}},{"start":{"line":4,"column":29},"end":{"line":4,"column":67}}],"line":4}},"s":{"0":3,"1":3,"2":0,"3":3,"4":3,"5":3},"f":{},"b":{"0":[0,3],"1":[3,3]},"_coverageSchema":"1a1c01bbd47fc00a2c39e90264f33305004495a9","hash":"c6ff37e1a1c47961b15e4fc1d885576ecca48cce"}
,"C:\\Users\\flore\\OneDrive\\Desktop\\Projects\\CTD\\node-homework\\middleware\\error-handler.js": {"path":"C:\\Users\\flore\\OneDrive\\Desktop\\Projects\\CTD\\node-homework\\middleware\\error-handler.js","statementMap":{"0":{"start":{"line":1,"column":24},"end":{"line":1,"column":52}},"1":{"start":{"line":3,"column":31},"end":{"line":20,"column":1}},"2":{"start":{"line":4,"column":2},"end":{"line":8,"column":4}},"3":{"start":{"line":9,"column":2},"end":{"line":11,"column":3}},"4":{"start":{"line":10,"column":4},"end":{"line":10,"column":69}},"5":{"start":{"line":12,"column":2},"end":{"line":14,"column":3}},"6":{"start":{"line":13,"column":4},"end":{"line":13,"column":91}},"7":{"start":{"line":15,"column":2},"end":{"line":19,"column":3}},"8":{"start":{"line":16,"column":4},"end":{"line":18,"column":63}},"9":{"start":{"line":22,"column":0},"end":{"line":22,"column":40}}},"fnMap":{"0":{"name":"(anonymous_0)","decl":{"start":{"line":3,"column":31},"end":{"line":3,"column":32}},"loc":{"start":{"line":3,"column":56},"end":{"line":20,"column":1}},"line":3}},"branchMap":{"0":{"loc":{"start":{"line":9,"column":2},"end":{"line":11,"column":3}},"type":"if","locations":[{"start":{"line":9,"column":2},"end":{"line":11,"column":3}},{"start":{},"end":{}}],"line":9},"1":{"loc":{"start":{"line":12,"column":2},"end":{"line":14,"column":3}},"type":"if","locations":[{"start":{"line":12,"column":2},"end":{"line":14,"column":3}},{"start":{},"end":{}}],"line":12},"2":{"loc":{"start":{"line":12,"column":6},"end":{"line":12,"column":54}},"type":"binary-expr","locations":[{"start":{"line":12,"column":6},"end":{"line":12,"column":33}},{"start":{"line":12,"column":37},"end":{"line":12,"column":54}}],"line":12},"3":{"loc":{"start":{"line":15,"column":2},"end":{"line":19,"column":3}},"type":"if","locations":[{"start":{"line":15,"column":2},"end":{"line":19,"column":3}},{"start":{},"end":{}}],"line":15}},"s":{"0":1,"1":1,"2":0,"3":0,"4":0,"5":0,"6":0,"7":0,"8":0,"9":1},"f":{"0":0},"b":{"0":[0,0],"1":[0,0],"2":[0,0],"3":[0,0]},"_coverageSchema":"1a1c01bbd47fc00a2c39e90264f33305004495a9","hash":"30822f064553474149cbb6725fdc6965afe0f5dd"}
,"C:\\Users\\flore\\OneDrive\\Desktop\\Projects\\CTD\\node-homework\\middleware\\jwtMiddleware.js": {"path":"C:\\Users\\flore\\OneDrive\\Desktop\\Projects\\CTD\\node-homework\\middleware\\jwtMiddleware.js","statementMap":{"0":{"start":{"line":1,"column":12},"end":{"line":1,"column":35}},"1":{"start":{"line":2,"column":24},"end":{"line":2,"column":52}},"2":{"start":{"line":4,"column":16},"end":{"line":8,"column":1}},"3":{"start":{"line":5,"column":2},"end":{"line":7,"column":52}},"4":{"start":{"line":10,"column":0},"end":{"line":31,"column":2}},"5":{"start":{"line":11,"column":16},"end":{"line":11,"column":33}},"6":{"start":{"line":12,"column":2},"end":{"line":14,"column":3}},"7":{"start":{"line":13,"column":4},"end":{"line":13,"column":24}},"8":{"start":{"line":15,"column":2},"end":{"line":30,"column":5}},"9":{"start":{"line":17,"column":4},"end":{"line":19,"column":5}},"10":{"start":{"line":18,"column":6},"end":{"line":18,"column":26}},"11":{"start":{"line":20,"column":4},"end":{"line":20,"column":34}},"12":{"start":{"line":23,"column":4},"end":{"line":28,"column":5}},"13":{"start":{"line":25,"column":6},"end":{"line":27,"column":7}},"14":{"start":{"line":26,"column":8},"end":{"line":26,"column":28}},"15":{"start":{"line":29,"column":4},"end":{"line":29,"column":11}}},"fnMap":{"0":{"name":"(anonymous_0)","decl":{"start":{"line":4,"column":16},"end":{"line":4,"column":17}},"loc":{"start":{"line":4,"column":25},"end":{"line":8,"column":1}},"line":4},"1":{"name":"(anonymous_1)","decl":{"start":{"line":10,"column":17},"end":{"line":10,"column":18}},"loc":{"start":{"line":10,"column":43},"end":{"line":31,"column":1}},"line":10},"2":{"name":"(anonymous_2)","decl":{"start":{"line":15,"column":44},"end":{"line":15,"column":45}},"loc":{"start":{"line":15,"column":62},"end":{"line":30,"column":3}},"line":15}},"branchMap":{"0":{"loc":{"start":{"line":12,"column":2},"end":{"line":14,"column":3}},"type":"if","locations":[{"start":{"line":12,"column":2},"end":{"line":14,"column":3}},{"start":{},"end":{}}],"line":12},"1":{"loc":{"start":{"line":17,"column":4},"end":{"line":19,"column":5}},"type":"if","locations":[{"start":{"line":17,"column":4},"end":{"line":19,"column":5}},{"start":{},"end":{}}],"line":17},"2":{"loc":{"start":{"line":23,"column":4},"end":{"line":28,"column":5}},"type":"if","locations":[{"start":{"line":23,"column":4},"end":{"line":28,"column":5}},{"start":{},"end":{}}],"line":23},"3":{"loc":{"start":{"line":25,"column":6},"end":{"line":27,"column":7}},"type":"if","locations":[{"start":{"line":25,"column":6},"end":{"line":27,"column":7}},{"start":{},"end":{}}],"line":25}},"s":{"0":2,"1":2,"2":2,"3":4,"4":2,"5":6,"6":6,"7":2,"8":4,"9":4,"10":1,"11":3,"12":3,"13":2,"14":1,"15":2},"f":{"0":4,"1":6,"2":4},"b":{"0":[2,4],"1":[1,3],"2":[2,1],"3":[1,1]},"_coverageSchema":"1a1c01bbd47fc00a2c39e90264f33305004495a9","hash":"532e6de037cca1a0306482fe3a473a64f5e9d739"}
,"C:\\Users\\flore\\OneDrive\\Desktop\\Projects\\CTD\\node-homework\\middleware\\not-found.js": {"path":"C:\\Users\\flore\\OneDrive\\Desktop\\Projects\\CTD\\node-homework\\middleware\\not-found.js","statementMap":{"0":{"start":{"line":1,"column":24},"end":{"line":1,"column":52}},"1":{"start":{"line":3,"column":17},"end":{"line":7,"column":1}},"2":{"start":{"line":4,"column":2},"end":{"line":6,"column":70}},"3":{"start":{"line":9,"column":0},"end":{"line":9,"column":26}}},"fnMap":{"0":{"name":"(anonymous_0)","decl":{"start":{"line":3,"column":17},"end":{"line":3,"column":18}},"loc":{"start":{"line":3,"column":31},"end":{"line":7,"column":1}},"line":3}},"branchMap":{},"s":{"0":1,"1":1,"2":0,"3":1},"f":{"0":0},"b":{},"_coverageSchema":"1a1c01bbd47fc00a2c39e90264f33305004495a9","hash":"e0892c3050819e95823c43166d5889fbdfc1286f"}
,"C:\\Users\\flore\\OneDrive\\Desktop\\Projects\\CTD\\node-homework\\routes\\taskRoutes.js": {"path":"C:\\Users\\flore\\OneDrive\\Desktop\\Projects\\CTD\\node-homework\\routes\\taskRoutes.js","statementMap":{"0":{"start":{"line":1,"column":16},"end":{"line":1,"column":34}},"1":{"start":{"line":2,"column":15},"end":{"line":2,"column":31}},"2":{"start":{"line":10,"column":4},"end":{"line":10,"column":44}},"3":{"start":{"line":12,"column":0},"end":{"line":12,"column":25}},"4":{"start":{"line":13,"column":0},"end":{"line":13,"column":23}},"5":{"start":{"line":14,"column":0},"end":{"line":14,"column":25}},"6":{"start":{"line":15,"column":0},"end":{"line":15,"column":29}},"7":{"start":{"line":16,"column":0},"end":{"line":16,"column":34}},"8":{"start":{"line":18,"column":0},"end":{"line":18,"column":24}}},"fnMap":{},"branchMap":{},"s":{"0":1,"1":1,"2":1,"3":1,"4":1,"5":1,"6":1,"7":1,"8":1},"f":{},"b":{},"_coverageSchema":"1a1c01bbd47fc00a2c39e90264f33305004495a9","hash":"9a841d5bae685b46015c84e11a1dc78c058ccd2f"}
,"C:\\Users\\flore\\OneDrive\\Desktop\\Projects\\CTD\\node-homework\\routes\\userRoutes.js": {"path":"C:\\Users\\flore\\OneDrive\\Desktop\\Projects\\CTD\\node-homework\\routes\\userRoutes.js","statementMap":{"0":{"start":{"line":1,"column":16},"end":{"line":1,"column":34}},"1":{"start":{"line":3,"column":15},"end":{"line":3,"column":31}},"2":{"start":{"line":4,"column":21},"end":{"line":4,"column":61}},"3":{"start":{"line":5,"column":18},"end":{"line":5,"column":58}},"4":{"start":{"line":6,"column":19},"end":{"line":6,"column":59}},"5":{"start":{"line":8,"column":0},"end":{"line":8,"column":41}},"6":{"start":{"line":9,"column":0},"end":{"line":9,"column":35}},"7":{"start":{"line":10,"column":0},"end":{"line":10,"column":37}},"8":{"start":{"line":12,"column":0},"end":{"line":12,"column":24}}},"fnMap":{},"branchMap":{},"s":{"0":1,"1":1,"2":1,"3":1,"4":1,"5":1,"6":1,"7":1,"8":1},"f":{},"b":{},"_coverageSchema":"1a1c01bbd47fc00a2c39e90264f33305004495a9","hash":"bac7c4004399da3264ca7c5eb9ee801de0aa6e82"}
,"C:\\Users\\flore\\OneDrive\\Desktop\\Projects\\CTD\\node-homework\\test\\waitForRouteHandlerCompletion.js": {"path":"C:\\Users\\flore\\OneDrive\\Desktop\\Projects\\CTD\\node-homework\\test\\waitForRouteHandlerCompletion.js","statementMap":{"0":{"start":{"line":1,"column":38},"end":{"line":15,"column":1}},"1":{"start":{"line":3,"column":18},"end":{"line":11,"column":4}},"2":{"start":{"line":4,"column":4},"end":{"line":7,"column":7}},"3":{"start":{"line":5,"column":6},"end":{"line":5,"column":38}},"4":{"start":{"line":5,"column":17},"end":{"line":5,"column":38}},"5":{"start":{"line":6,"column":6},"end":{"line":6,"column":16}},"6":{"start":{"line":8,"column":4},"end":{"line":10,"column":7}},"7":{"start":{"line":9,"column":6},"end":{"line":9,"column":16}},"8":{"start":{"line":12,"column":2},"end":{"line":12,"column":29}},"9":{"start":{"line":13,"column":2},"end":{"line":13,"column":16}},"10":{"start":{"line":14,"column":2},"end":{"line":14,"column":14}},"11":{"start":{"line":16,"column":0},"end":{"line":16,"column":47}}},"fnMap":{"0":{"name":"(anonymous_0)","decl":{"start":{"line":1,"column":38},"end":{"line":1,"column":39}},"loc":{"start":{"line":1,"column":64},"end":{"line":15,"column":1}},"line":1},"1":{"name":"(anonymous_1)","decl":{"start":{"line":3,"column":30},"end":{"line":3,"column":31}},"loc":{"start":{"line":3,"column":51},"end":{"line":11,"column":3}},"line":3},"2":{"name":"(anonymous_2)","decl":{"start":{"line":4,"column":19},"end":{"line":4,"column":20}},"loc":{"start":{"line":4,"column":30},"end":{"line":7,"column":5}},"line":4},"3":{"name":"(anonymous_3)","decl":{"start":{"line":8,"column":21},"end":{"line":8,"column":22}},"loc":{"start":{"line":8,"column":27},"end":{"line":10,"column":5}},"line":8}},"branchMap":{"0":{"loc":{"start":{"line":5,"column":6},"end":{"line":5,"column":38}},"type":"if","locations":[{"start":{"line":5,"column":6},"end":{"line":5,"column":38}},{"start":{},"end":{}}],"line":5}},"s":{"0":2,"1":20,"2":20,"3":1,"4":0,"5":1,"6":20,"7":16,"8":20,"9":17,"10":17,"11":2},"f":{"0":20,"1":20,"2":1,"3":16},"b":{"0":[0,1]},"_coverageSchema":"1a1c01bbd47fc00a2c39e90264f33305004495a9","hash":"f82d7c669be5bedb8b1d0dddc586a1e376520b33"}
,"C:\\Users\\flore\\OneDrive\\Desktop\\Projects\\CTD\\node-homework\\validation\\taskSchema.js": {"path":"C:\\Users\\flore\\OneDrive\\Desktop\\Projects\\CTD\\node-homework\\validation\\taskSchema.js","statementMap":{"0":{"start":{"line":1,"column":12},"end":{"line":1,"column":26}},"1":{"start":{"line":3,"column":19},"end":{"line":7,"column":2}},"2":{"start":{"line":9,"column":24},"end":{"line":13,"column":60}},"3":{"start":{"line":15,"column":0},"end":{"line":15,"column":49}}},"fnMap":{},"branchMap":{},"s":{"0":3,"1":3,"2":3,"3":3},"f":{},"b":{},"_coverageSchema":"1a1c01bbd47fc00a2c39e90264f33305004495a9","hash":"7f23b04a5aeb90ac98ff6b3414da8b9f0c16ff57"}
,"C:\\Users\\flore\\OneDrive\\Desktop\\Projects\\CTD\\node-homework\\validation\\userSchema.js": {"path":"C:\\Users\\flore\\OneDrive\\Desktop\\Projects\\CTD\\node-homework\\validation\\userSchema.js","statementMap":{"0":{"start":{"line":1,"column":12},"end":{"line":1,"column":26}},"1":{"start":{"line":3,"column":19},"end":{"line":15,"column":2}},"2":{"start":{"line":17,"column":0},"end":{"line":17,"column":32}}},"fnMap":{},"branchMap":{},"s":{"0":3,"1":3,"2":3},"f":{},"b":{},"_coverageSchema":"1a1c01bbd47fc00a2c39e90264f33305004495a9","hash":"b66f73d6df76ad947a481de2f4c3c08f983be138"}
}
