TN:
SF:app.js
FN:26,(anonymous_0)
FN:30,(anonymous_1)
FN:39,(anonymous_2)
FN:61,(anonymous_3)
FN:71,(anonymous_4)
FNF:5
FNH:0
FNDA:0,(anonymous_0)
FNDA:0,(anonymous_1)
FNDA:0,(anonymous_2)
FNDA:0,(anonymous_3)
FNDA:0,(anonymous_4)
DA:1,1
DA:2,1
DA:3,1
DA:4,1
DA:6,1
DA:7,1
DA:8,1
DA:10,1
DA:11,1
DA:13,1
DA:14,1
DA:15,1
DA:16,1
DA:18,1
DA:19,1
DA:20,1
DA:26,1
DA:27,0
DA:30,1
DA:31,0
DA:32,0
DA:33,0
DA:35,0
DA:39,1
DA:40,0
DA:44,1
DA:47,1
DA:50,1
DA:51,1
DA:54,1
DA:55,1
DA:57,1
DA:58,1
DA:61,1
DA:62,0
DA:64,0
DA:65,0
DA:66,0
DA:68,0
DA:71,0
DA:72,0
DA:73,0
DA:78,1
DA:79,1
DA:81,1
LF:45
LH:31
BRDA:57,0,0,1
BRDA:57,0,1,1
BRF:2
BRH:2
end_of_record
TN:
SF:controllers\taskController.js
FN:8,(anonymous_0)
FN:54,(anonymous_1)
FN:89,(anonymous_2)
FN:151,(anonymous_3)
FN:188,(anonymous_4)
FN:250,(anonymous_5)
FNF:6
FNH:5
FNDA:0,(anonymous_0)
FNDA:4,(anonymous_1)
FNDA:4,(anonymous_2)
FNDA:2,(anonymous_3)
FNDA:2,(anonymous_4)
FNDA:2,(anonymous_5)
DA:1,2
DA:2,2
DA:3,2
DA:4,2
DA:8,2
DA:9,0
DA:12,0
DA:13,0
DA:19,0
DA:20,0
DA:21,0
DA:22,0
DA:23,0
DA:28,0
DA:37,0
DA:38,0
DA:43,0
DA:49,0
DA:54,2
DA:55,4
DA:57,4
DA:61,4
DA:62,1
DA:67,3
DA:69,3
DA:84,1
DA:89,2
DA:90,4
DA:91,4
DA:92,4
DA:94,4
DA:95,3
DA:96,0
DA:103,3
DA:123,3
DA:124,1
DA:130,2
DA:137,2
DA:146,2
DA:151,2
DA:152,2
DA:154,2
DA:155,0
DA:157,2
DA:177,2
DA:178,1
DA:183,1
DA:188,2
DA:189,2
DA:191,2
DA:193,2
DA:194,0
DA:197,2
DA:201,2
DA:202,0
DA:207,2
DA:208,2
DA:235,1
DA:239,1
DA:240,1
DA:245,0
DA:250,2
DA:251,2
DA:253,2
DA:254,0
DA:256,2
DA:258,2
DA:272,1
DA:276,1
DA:277,1
DA:282,0
DA:287,2
LF:72
LH:52
BRDA:12,0,0,0
BRDA:12,0,1,0
BRDA:12,1,0,0
BRDA:12,1,1,0
BRDA:12,1,2,0
BRDA:22,2,0,0
BRDA:22,2,1,0
BRDA:30,3,0,0
BRDA:30,3,1,0
BRDA:31,4,0,0
BRDA:31,4,1,0
BRDA:55,5,0,0
BRDA:55,5,1,4
BRDA:61,6,0,1
BRDA:61,6,1,3
BRDA:67,7,0,0
BRDA:67,7,1,3
BRDA:90,8,0,4
BRDA:90,8,1,4
BRDA:91,9,0,4
BRDA:91,9,1,4
BRDA:95,10,0,0
BRDA:95,10,1,3
BRDA:123,11,0,1
BRDA:123,11,1,2
BRDA:154,12,0,0
BRDA:154,12,1,2
BRDA:177,13,0,1
BRDA:177,13,1,1
BRDA:189,14,0,0
BRDA:189,14,1,2
BRDA:193,15,0,0
BRDA:193,15,1,2
BRDA:201,16,0,0
BRDA:201,16,1,2
BRDA:239,17,0,1
BRDA:239,17,1,0
BRDA:253,18,0,0
BRDA:253,18,1,2
BRDA:276,19,0,1
BRDA:276,19,1,0
BRF:41
BRH:20
end_of_record
TN:
SF:controllers\userController.js
FN:15,hashPassword
FN:21,comparePassword
FN:28,(anonymous_2)
FN:36,(anonymous_3)
FN:46,(anonymous_4)
FN:64,(anonymous_5)
FN:83,(anonymous_6)
FN:125,(anonymous_7)
FN:165,(anonymous_8)
FNF:9
FNH:9
FNDA:2,hashPassword
FNDA:2,comparePassword
FNDA:6,(anonymous_2)
FNDA:4,(anonymous_3)
FNDA:2,(anonymous_4)
FNDA:2,(anonymous_5)
FNDA:6,(anonymous_6)
FNDA:2,(anonymous_7)
FNDA:2,(anonymous_8)
DA:1,2
DA:2,2
DA:3,2
DA:4,2
DA:5,2
DA:7,2
DA:8,2
DA:9,2
DA:11,2
DA:12,2
DA:13,2
DA:16,2
DA:17,2
DA:18,2
DA:22,2
DA:23,2
DA:24,2
DA:25,2
DA:28,2
DA:29,6
DA:36,2
DA:38,4
DA:39,4
DA:41,4
DA:42,4
DA:46,2
DA:47,2
DA:48,2
DA:52,2
DA:53,0
DA:58,2
DA:59,2
DA:61,2
DA:63,2
DA:64,2
DA:66,2
DA:72,2
DA:77,2
DA:80,2
DA:83,6
DA:94,2
DA:98,2
DA:102,2
DA:105,2
DA:106,2
DA:112,2
DA:115,0
DA:117,0
DA:119,0
DA:125,2
DA:126,2
DA:127,2
DA:129,2
DA:131,2
DA:132,2
DA:134,2
DA:135,0
DA:140,2
DA:142,2
DA:143,0
DA:148,2
DA:151,2
DA:153,2
DA:160,0
DA:165,2
DA:166,2
DA:167,2
DA:168,2
DA:172,2
LF:69
LH:62
BRDA:47,0,0,0
BRDA:47,0,1,2
BRDA:52,1,0,0
BRDA:52,1,1,2
BRDA:115,2,0,0
BRDA:115,2,1,0
BRDA:126,3,0,0
BRDA:126,3,1,2
BRDA:134,4,0,0
BRDA:134,4,1,2
BRDA:142,5,0,0
BRDA:142,5,1,2
BRF:12
BRH:5
end_of_record
TN:
SF:db\prisma.js
FNF:0
FNH:0
DA:1,3
DA:4,3
DA:5,0
DA:7,3
DA:10,3
DA:12,3
LF:6
LH:5
BRDA:4,0,0,0
BRDA:4,0,1,3
BRDA:4,1,0,3
BRDA:4,1,1,3
BRF:4
BRH:3
end_of_record
TN:
SF:middleware\error-handler.js
FN:3,(anonymous_0)
FNF:1
FNH:0
FNDA:0,(anonymous_0)
DA:1,1
DA:3,1
DA:4,0
DA:9,0
DA:10,0
DA:12,0
DA:13,0
DA:15,0
DA:16,0
DA:22,1
LF:10
LH:3
BRDA:9,0,0,0
BRDA:9,0,1,0
BRDA:12,1,0,0
BRDA:12,1,1,0
BRDA:12,2,0,0
BRDA:12,2,1,0
BRDA:15,3,0,0
BRDA:15,3,1,0
BRF:8
BRH:0
end_of_record
TN:
SF:middleware\jwtMiddleware.js
FN:4,(anonymous_0)
FN:10,(anonymous_1)
FN:15,(anonymous_2)
FNF:3
FNH:3
FNDA:4,(anonymous_0)
FNDA:6,(anonymous_1)
FNDA:4,(anonymous_2)
DA:1,2
DA:2,2
DA:4,2
DA:5,4
DA:10,2
DA:11,6
DA:12,6
DA:13,2
DA:15,4
DA:17,4
DA:18,1
DA:20,3
DA:23,3
DA:25,2
DA:26,1
DA:29,2
LF:16
LH:16
BRDA:12,0,0,2
BRDA:12,0,1,4
BRDA:17,1,0,1
BRDA:17,1,1,3
BRDA:23,2,0,2
BRDA:23,2,1,1
BRDA:25,3,0,1
BRDA:25,3,1,1
BRF:8
BRH:8
end_of_record
TN:
SF:middleware\not-found.js
FN:3,(anonymous_0)
FNF:1
FNH:0
FNDA:0,(anonymous_0)
DA:1,1
DA:3,1
DA:4,0
DA:9,1
LF:4
LH:3
BRF:0
BRH:0
end_of_record
TN:
SF:routes\taskRoutes.js
FNF:0
FNH:0
DA:1,1
DA:2,1
DA:10,1
DA:12,1
DA:13,1
DA:14,1
DA:15,1
DA:16,1
DA:18,1
LF:9
LH:9
BRF:0
BRH:0
end_of_record
TN:
SF:routes\userRoutes.js
FNF:0
FNH:0
DA:1,1
DA:3,1
DA:4,1
DA:5,1
DA:6,1
DA:8,1
DA:9,1
DA:10,1
DA:12,1
LF:9
LH:9
BRF:0
BRH:0
end_of_record
TN:
SF:test\waitForRouteHandlerCompletion.js
FN:1,(anonymous_0)
FN:3,(anonymous_1)
FN:4,(anonymous_2)
FN:8,(anonymous_3)
FNF:4
FNH:4
FNDA:20,(anonymous_0)
FNDA:20,(anonymous_1)
FNDA:1,(anonymous_2)
FNDA:16,(anonymous_3)
DA:1,2
DA:3,20
DA:4,20
DA:5,1
DA:6,1
DA:8,20
DA:9,16
DA:12,20
DA:13,17
DA:14,17
DA:16,2
LF:11
LH:11
BRDA:5,0,0,0
BRDA:5,0,1,1
BRF:2
BRH:1
end_of_record
TN:
SF:validation\taskSchema.js
FNF:0
FNH:0
DA:1,3
DA:3,3
DA:9,3
DA:15,3
LF:4
LH:4
BRF:0
BRH:0
end_of_record
TN:
SF:validation\userSchema.js
FNF:0
FNH:0
DA:1,3
DA:3,3
DA:17,3
LF:3
LH:3
BRF:0
BRH:0
end_of_record
